<?xml version="1.0" encoding="UTF-8"?>
<!-- Generated by org.testng.reporters.JUnitXMLReporter -->
<testsuite ignored="0" hostname="Bevara_Family" failures="0" tests="3" name="Test" time="35.763" errors="0" timestamp="2023-11-13T22:54:55 EST">
  <testcase classname="SamplePackage.getwindowhandles" name="getwindowhandle" time="9.949"/>
  <testcase classname="SamplePackage.Dropdownautonotations" name="Dropdownautonotation" time="16.135"/>
  <testcase classname="SamplePackage.dropdownprogram" name="dropdownprograms" time="9.64"/>
</testsuite> <!-- Test -->
