<?xml version="1.0" encoding="UTF-8"?>
<testng-results ignored="0" total="1" passed="1" failed="0" skipped="0">
  <reporter-output>
  </reporter-output>
  <suite started-at="2023-11-13T21:30:15 EST" name="Default suite" finished-at="2023-11-13T21:30:44 EST" duration-ms="28868">
    <groups>
    </groups>
    <test started-at="2023-11-13T21:30:15 EST" name="Default test" finished-at="2023-11-13T21:30:44 EST" duration-ms="28868">
      <class name="SamplePackage.Secondprogram">
        <test-method signature="secondprogramrun()[pri:0, instance:SamplePackage.Secondprogram@6b2ea799]" started-at="2023-11-13T21:30:16 EST" name="secondprogramrun" finished-at="2023-11-13T21:30:44 EST" duration-ms="28829" status="PASS">
          <reporter-output>
          </reporter-output>
        </test-method> <!-- secondprogramrun -->
      </class> <!-- SamplePackage.Secondprogram -->
    </test> <!-- Default test -->
  </suite> <!-- Default suite -->
</testng-results>
